<?xml version="1.0" encoding="UTF-8"?>
<testsuite xmlns:xsi="http://www.w3.org/2001/XMLSchema-instance" xsi:noNamespaceSchemaLocation="https://maven.apache.org/surefire/maven-surefire-plugin/xsd/surefire-test-report.xsd" name="org.gobcan.hacienda.TestPrueba.AppTest" time="0.06" tests="5" errors="0" skipped="0" failures="0">
  <properties>
[...]
</properties>
  <testcase name="shouldAnswerWithTrue" classname="org.gobcan.hacienda.TestPrueba.AppTest" time="0.002"/>
  <testcase name="pruebaDeSumaTest1" classname="org.gobcan.hacienda.TestPrueba.AppTest" time="0.003"/>
  <testcase name="pruebaDeSumaTest2" classname="org.gobcan.hacienda.TestPrueba.AppTest" time="0"/>
  <testcase name="pruebaDeSumaTest3" classname="org.gobcan.hacienda.TestPrueba.AppTest" time="0"/>
  <testcase name="pruebaDeSumaTest4" classname="org.gobcan.hacienda.TestPrueba.AppTest" time="0"/>
</testsuite>